
Log for 'IFAM' Clone_2 (V12.7.1.0) Mon Apr 16 17:10:28 2018


Log for 'IFAM' Clone_2 (V12.7.1.0) Tue Apr 17 10:18:14 2018


Log for 'IFAM' Clone_2 (V12.7.1.0) Tue Apr 17 10:19:51 2018


Log for 'IFAM' Clone_2 (V12.7.1.0) Tue Apr 17 11:59:10 2018


Log for 'IFAM' Clone_2 (V12.7.1.0) Tue Apr 17 13:17:18 2018


Log for 'IFAM' Clone_2 (V12.7.1.0) Tue Apr 17 13:19:33 2018


Log for 'IFAM' Clone_2 (V12.7.1.0) Tue Apr 17 13:24:30 2018


Log for 'IFAM' Clone_2 (V12.7.1.0) Tue Apr 17 13:29:43 2018


Log for 'IFAM' Clone_2 (V12.7.1.0) Tue Apr 17 13:30:37 2018


Log for 'IFAM' Clone_2 (V12.7.1.0) Tue Apr 17 14:23:23 2018


Log for 'IFAM' Clone_2 (V12.7.1.0) Tue Apr 17 14:24:50 2018


Log for 'IFAM' Clone_2 (V12.7.1.0) Tue Apr 17 15:35:07 2018


Log for 'IFAM' Clone_2 (V12.7.1.0) Tue Apr 17 15:58:01 2018


Log for 'IFAM' Clone_2 (V12.7.1.0) Tue Apr 17 16:25:52 2018


Iteration log . . .
Iteration:     1    Scaled infeas =          3008.656245
Iteration:   139    Scaled infeas =          2923.820305
Iteration:   232    Scaled infeas =          2909.043311
Iteration:   328    Scaled infeas =          2895.232951
Iteration:   412    Scaled infeas =          2886.774349
Iteration:   495    Scaled infeas =          2276.176469

Dual simplex solved model.


Log for 'IFAM' Clone_2 (V12.7.1.0) Tue Apr 17 16:25:53 2018

Using devex.

Iteration log . . .
Iteration:     1    Objective     =       2556073.237467
Iteration:   133    Objective     =       2539033.763066

Dual simplex solved model.


Log for 'IFAM' Clone_2 (V12.7.1.0) Tue Apr 17 16:25:53 2018

Using devex.

Iteration log . . .
Iteration:     1    Objective     =       2539006.172044

Dual simplex solved model.


Log for 'IFAM' Clone_2 (V12.7.1.0) Tue Apr 17 16:25:53 2018

Using devex.

Dual simplex solved model.


Log for 'IFAM' Clone_2 (V12.7.1.0) Tue Apr 17 16:25:53 2018

Using devex.

Dual simplex solved model.


Log for 'IFAM' Clone_2 (V12.7.1.0) Tue Apr 17 16:28:20 2018


Iteration log . . .
Iteration:     1    Scaled infeas =          3008.656245
Iteration:   139    Scaled infeas =          2923.820305
Iteration:   232    Scaled infeas =          2909.043311
Iteration:   328    Scaled infeas =          2895.232951
Iteration:   412    Scaled infeas =          2886.774349
Iteration:   495    Scaled infeas =          2276.176469

Dual simplex solved model.


Log for 'IFAM' Clone_2 (V12.7.1.0) Tue Apr 17 16:28:20 2018

Using devex.

Iteration log . . .
Iteration:     1    Objective     =       2556073.237467
Iteration:   133    Objective     =       2539033.763066

Dual simplex solved model.


Log for 'IFAM' Clone_2 (V12.7.1.0) Tue Apr 17 16:28:20 2018

Using devex.

Iteration log . . .
Iteration:     1    Objective     =       2539006.172044

Dual simplex solved model.


Log for 'IFAM' Clone_2 (V12.7.1.0) Tue Apr 17 16:28:20 2018

Using devex.

Dual simplex solved model.


Log for 'IFAM' Clone_2 (V12.7.1.0) Tue Apr 17 16:28:20 2018

Using devex.

Dual simplex solved model.


Log for 'IFAM' Clone_2 (V12.7.1.0) Tue Apr 17 16:29:20 2018


Iteration log . . .
Iteration:     1    Scaled infeas =          3008.656245
Iteration:   139    Scaled infeas =          2923.820305
Iteration:   232    Scaled infeas =          2909.043311
Iteration:   328    Scaled infeas =          2895.232951
Iteration:   412    Scaled infeas =          2886.774349

Dual simplex solved model.


Log for 'IFAM' Clone_2 (V12.7.1.0) Tue Apr 17 16:29:20 2018

Using devex.

Iteration log . . .
Iteration:     1    Objective     =       2556073.237467
Iteration:   133    Objective     =       2539033.763066

Dual simplex solved model.


Log for 'IFAM' Clone_2 (V12.7.1.0) Tue Apr 17 16:29:20 2018

Using devex.

Iteration log . . .
Iteration:     1    Objective     =       2539006.172044

Dual simplex solved model.


Log for 'IFAM' Clone_2 (V12.7.1.0) Tue Apr 17 16:29:20 2018

Using devex.

Dual simplex solved model.


Log for 'IFAM' Clone_2 (V12.7.1.0) Tue Apr 17 16:29:20 2018

Using devex.

Dual simplex solved model.


Log for 'IFAM' Clone_2 (V12.7.1.0) Tue Apr 17 16:43:01 2018


Log for 'IFAM' Clone_2 (V12.7.1.0) Tue Apr 17 16:43:20 2018


Log for 'IFAM' Clone_2 (V12.7.1.0) Tue Apr 17 16:45:02 2018


Iteration log . . .
Iteration:     1    Scaled infeas =          3008.656245
Iteration:   139    Scaled infeas =          2923.820305
Iteration:   240    Scaled infeas =          2909.538764
Iteration:   328    Scaled infeas =          2896.271281
Iteration:   420    Scaled infeas =          2890.640159

Dual simplex solved model.


Log for 'IFAM' Clone_2 (V12.7.1.0) Tue Apr 17 16:45:02 2018

Using devex.

Iteration log . . .
Iteration:     1    Objective     =       2556073.237467

Dual simplex solved model.


Log for 'IFAM' Clone_2 (V12.7.1.0) Tue Apr 17 16:45:02 2018

Using devex.

Iteration log . . .
Iteration:     1    Objective     =       2539006.172044

Dual simplex solved model.


Log for 'IFAM' Clone_2 (V12.7.1.0) Tue Apr 17 16:45:03 2018

Using devex.

Dual simplex solved model.


Log for 'IFAM' Clone_2 (V12.7.1.0) Tue Apr 17 16:45:03 2018

Using devex.

Dual simplex solved model.


Log for 'IFAM' Clone_2 (V12.7.1.0) Tue Apr 17 17:03:04 2018


Iteration log . . .
Iteration:     1    Scaled infeas =          3008.656245
Iteration:   139    Scaled infeas =          2923.820305
Iteration:   240    Scaled infeas =          2909.538764
Iteration:   328    Scaled infeas =          2896.271281
Iteration:   420    Scaled infeas =          2890.640159
Iteration:   510    Scaled infeas =          2884.468749

Dual simplex solved model.


Log for 'IFAM' Clone_2 (V12.7.1.0) Tue Apr 17 17:03:04 2018

Using devex.

Iteration log . . .
Iteration:     1    Objective     =       2556073.237467

Dual simplex solved model.


Log for 'IFAM' Clone_2 (V12.7.1.0) Tue Apr 17 17:03:04 2018

Using devex.

Iteration log . . .
Iteration:     1    Objective     =       2539006.172044

Dual simplex solved model.


Log for 'IFAM' Clone_2 (V12.7.1.0) Tue Apr 17 17:03:04 2018

Using devex.

Dual simplex solved model.


Log for 'IFAM' Clone_2 (V12.7.1.0) Tue Apr 17 17:03:04 2018

Using devex.

Dual simplex solved model.

