
Log for 'Initiate' Clone_2 (V12.7.1.0) Sat Mar 24 20:27:49 2018


Dual simplex solved model.


Log for 'Initiate' Clone_2 (V12.7.1.0) Sat Mar 24 20:28:20 2018


Iteration log . . .
Iteration:     1    Infeasibility =          8553.999999

Dual simplex solved model.


Log for 'Initiate' Clone_2 (V12.7.1.0) Sat Mar 24 20:28:51 2018


Iteration log . . .
Iteration:     1    Infeasibility =          8553.999999

Dual simplex solved model.


Log for 'Initial' Clone_2 (V12.7.1.0) Sat Mar 24 20:29:22 2018


Iteration log . . .
Iteration:     1    Infeasibility =          8570.999999
Iteration:    53    Objective     =        515614.500000

Dual simplex solved model.


Log for 'Initiate' Clone_2 (V12.7.1.0) Sat Mar 24 20:36:10 2018


Iteration log . . .
Iteration:     1    Infeasibility =          8690.999999

Dual simplex solved model.


Log for 'Initiate' Clone_2 (V12.7.1.0) Sat Mar 24 20:36:46 2018


Iteration log . . .
Iteration:     1    Infeasibility =          8553.999999
Iteration:    60    Objective     =        510924.770952
Iteration:   123    Objective     =        361699.587365

Dual simplex solved model.


Log for 'Initiate' Clone_2 (V12.7.1.0) Sat Mar 24 20:37:21 2018


Iteration log . . .
Iteration:     1    Infeasibility =          8553.999999
Iteration:    58    Objective     =        517221.760000

Dual simplex solved model.


Log for 'Initial' Clone_2 (V12.7.1.0) Sat Mar 24 20:37:55 2018


Iteration log . . .
Iteration:     1    Infeasibility =          8570.999999
Iteration:    53    Objective     =        515614.500000

Dual simplex solved model.


Log for 'Initiate' Clone_2 (V12.7.1.0) Sat Mar 24 21:34:40 2018


Iteration log . . .
Iteration:     1    Infeasibility =          8690.999999
Iteration:    53    Objective     =        515244.000000

Dual simplex solved model.

